# JRE version: Java(TM) SE Runtime Environment (17.0.11+7) (build 17.0.11+7-LTS-207)
# Java VM: Java HotSpot(TM) 64-Bit Server VM (17.0.11+7-LTS-207, mixed mode, sharing, tiered, compressed oops, compressed class ptrs, g1 gc, windows-amd64)
GC Precious Log:
 CPUs: 8 total, 8 available
 Memory: 16280M
 Large Page Support: Disabled
 NUMA Support: Disabled
 Compressed Oops: Enabled (Zero based)
 Heap Region Size: 2M
 Heap Min Capacity: 8M
 Heap Initial Capacity: 256M
 Heap Max Capacity: 4072M
 Pre-touch: Disabled
 Parallel Workers: 8
 Concurrent Workers: 2
 Concurrent Refinement Workers: 8
 Periodic GC: Disabled
Heap:
 garbage-first heap   total 96256K, used 63091K [0x0000000701800000, 0x0000000800000000)
  region size 2048K, 14 young (28672K), 3 survivors (6144K)
 Metaspace       used 81637K, committed 82304K, reserved 1179648K
  class space    used 11099K, committed 11456K, reserved 1048576K
GC Heap History (20 events):
Event: 5.913 GC heap before
{Heap before GC invocations=10 (full 0):
 garbage-first heap   total 69632K, used 33012K [0x0000000701800000, 0x0000000800000000)
  region size 2048K, 8 young (16384K), 2 survivors (4096K)
 Metaspace       used 35615K, committed 35968K, reserved 1114112K
  class space    used 4645K, committed 4800K, reserved 1048576K
}
Event: 5.928 GC heap after
{Heap after GC invocations=11 (full 0):
 garbage-first heap   total 118784K, used 23706K [0x0000000701800000, 0x0000000800000000)
  region size 2048K, 1 young (2048K), 1 survivors (2048K)
 Metaspace       used 35615K, committed 35968K, reserved 1114112K
  class space    used 4645K, committed 4800K, reserved 1048576K
}
Event: 7.735 GC heap before
{Heap before GC invocations=12 (full 0):
 garbage-first heap   total 96256K, used 81050K [0x0000000701800000, 0x0000000800000000)
  region size 2048K, 30 young (61440K), 1 survivors (2048K)
 Metaspace       used 45187K, committed 45696K, reserved 1114112K
  class space    used 5758K, committed 6016K, reserved 1048576K
}
Event: 7.744 GC heap after
{Heap after GC invocations=13 (full 0):
 garbage-first heap   total 96256K, used 27287K [0x0000000701800000, 0x0000000800000000)
  region size 2048K, 3 young (6144K), 3 survivors (6144K)
 Metaspace       used 45187K, committed 45696K, reserved 1114112K
  class space    used 5758K, committed 6016K, reserved 1048576K
}
Event: 7.795 GC heap before
{Heap before GC invocations=13 (full 0):
 garbage-first heap   total 96256K, used 29335K [0x0000000701800000, 0x0000000800000000)
  region size 2048K, 4 young (8192K), 3 survivors (6144K)
 Metaspace       used 45521K, committed 46016K, reserved 1114112K
  class space    used 5813K, committed 6016K, reserved 1048576K
}
Event: 7.799 GC heap after
{Heap after GC invocations=14 (full 0):
 garbage-first heap   total 96256K, used 27661K [0x0000000701800000, 0x0000000800000000)
  region size 2048K, 1 young (2048K), 1 survivors (2048K)
 Metaspace       used 45521K, committed 46016K, reserved 1114112K
  class space    used 5813K, committed 6016K, reserved 1048576K
}
Event: 9.002 GC heap before
{Heap before GC invocations=14 (full 0):
 garbage-first heap   total 96256K, used 70669K [0x0000000701800000, 0x0000000800000000)
  region size 2048K, 22 young (45056K), 1 survivors (2048K)
 Metaspace       used 54314K, committed 54784K, reserved 1114112K
  class space    used 7194K, committed 7424K, reserved 1048576K
}
Event: 9.005 GC heap after
{Heap after GC invocations=15 (full 0):
 garbage-first heap   total 96256K, used 28848K [0x0000000701800000, 0x0000000800000000)
  region size 2048K, 1 young (2048K), 1 survivors (2048K)
 Metaspace       used 54314K, committed 54784K, reserved 1114112K
  class space    used 7194K, committed 7424K, reserved 1048576K
}
Event: 9.536 GC heap before
{Heap before GC invocations=15 (full 0):
 garbage-first heap   total 96256K, used 47280K [0x0000000701800000, 0x0000000800000000)
  region size 2048K, 11 young (22528K), 1 survivors (2048K)
 Metaspace       used 59986K, committed 60480K, reserved 1114112K
  class space    used 8075K, committed 8320K, reserved 1048576K
}
Event: 9.539 GC heap after
{Heap after GC invocations=16 (full 0):
 garbage-first heap   total 96256K, used 29592K [0x0000000701800000, 0x0000000800000000)
  region size 2048K, 2 young (4096K), 2 survivors (4096K)
 Metaspace       used 59986K, committed 60480K, reserved 1114112K
  class space    used 8075K, committed 8320K, reserved 1048576K
}
Event: 10.799 GC heap before
{Heap before GC invocations=17 (full 0):
 garbage-first heap   total 96256K, used 72600K [0x0000000701800000, 0x0000000800000000)
  region size 2048K, 23 young (47104K), 2 survivors (4096K)
 Metaspace       used 66740K, committed 67328K, reserved 1114112K
  class space    used 9108K, committed 9408K, reserved 1048576K
}
Event: 10.806 GC heap after
{Heap after GC invocations=18 (full 0):
 garbage-first heap   total 96256K, used 32290K [0x0000000701800000, 0x0000000800000000)
  region size 2048K, 3 young (6144K), 3 survivors (6144K)
 Metaspace       used 66740K, committed 67328K, reserved 1114112K
  class space    used 9108K, committed 9408K, reserved 1048576K
}
Event: 11.925 GC heap before
{Heap before GC invocations=18 (full 0):
 garbage-first heap   total 96256K, used 75298K [0x0000000701800000, 0x0000000800000000)
  region size 2048K, 24 young (49152K), 3 survivors (6144K)
 Metaspace       used 69250K, committed 69824K, reserved 1114112K
  class space    used 9408K, committed 9664K, reserved 1048576K
}
Event: 11.934 GC heap after
{Heap after GC invocations=19 (full 0):
 garbage-first heap   total 96256K, used 35278K [0x0000000701800000, 0x0000000800000000)
  region size 2048K, 3 young (6144K), 3 survivors (6144K)
 Metaspace       used 69250K, committed 69824K, reserved 1114112K
  class space    used 9408K, committed 9664K, reserved 1048576K
}
Event: 13.837 GC heap before
{Heap before GC invocations=19 (full 0):
 garbage-first heap   total 96256K, used 76238K [0x0000000701800000, 0x0000000800000000)
  region size 2048K, 23 young (47104K), 3 survivors (6144K)
 Metaspace       used 71238K, committed 71808K, reserved 1114112K
  class space    used 9664K, committed 9920K, reserved 1048576K
}
Event: 13.844 GC heap after
{Heap after GC invocations=20 (full 0):
 garbage-first heap   total 96256K, used 38001K [0x0000000701800000, 0x0000000800000000)
  region size 2048K, 3 young (6144K), 3 survivors (6144K)
 Metaspace       used 71238K, committed 71808K, reserved 1114112K
  class space    used 9664K, committed 9920K, reserved 1048576K
}
Event: 14.619 GC heap before
{Heap before GC invocations=20 (full 0):
 garbage-first heap   total 96256K, used 76913K [0x0000000701800000, 0x0000000800000000)
  region size 2048K, 22 young (45056K), 3 survivors (6144K)
 Metaspace       used 73138K, committed 73664K, reserved 1114112K
  class space    used 9955K, committed 10176K, reserved 1048576K
}
Event: 14.627 GC heap after
{Heap after GC invocations=21 (full 0):
 garbage-first heap   total 96256K, used 40629K [0x0000000701800000, 0x0000000800000000)
  region size 2048K, 3 young (6144K), 3 survivors (6144K)
 Metaspace       used 73138K, committed 73664K, reserved 1114112K
  class space    used 9955K, committed 10176K, reserved 1048576K
}
Event: 16.368 GC heap before
{Heap before GC invocations=21 (full 0):
 garbage-first heap   total 96256K, used 75445K [0x0000000701800000, 0x0000000800000000)
  region size 2048K, 20 young (40960K), 3 survivors (6144K)
 Metaspace       used 78102K, committed 78784K, reserved 1179648K
  class space    used 10610K, committed 10944K, reserved 1048576K
}
Event: 16.381 GC heap after
{Heap after GC invocations=22 (full 0):
 garbage-first heap   total 96256K, used 42611K [0x0000000701800000, 0x0000000800000000)
  region size 2048K, 3 young (6144K), 3 survivors (6144K)
 Metaspace       used 78102K, committed 78784K, reserved 1179648K
  class space    used 10610K, committed 10944K, reserved 1048576K
}

